<testsuite failures="1" name="src/test/java/Crud.feature" skipped="0" tests="1" time="1.303469">
  <testcase classname="src.test.java.Crud" name="Negative Finds pets by Sold status" time="1.303469">
    <failure message="Crud.feature:52 - status code was: 200, expected: 404, response time: 756, url: https://petstore.swagger.io/v2/pet/findByStatus?status=sold, response: [{&quot;photoUrls&quot;:[&quot;sit esse&quot;,&quot;incididunt cupidatat dolor dolore&quot;],&quot;name&quot;:&quot;doggie&quot;,&quot;id&quot;:9223372036854617241,&quot;category&quot;:{&quot;name&quot;:&quot;anim Duis et commodo eu&quot;,&quot;id&quot;:51395163},&quot;tags&quot;:[{&quot;name&quot;:&quot;dolor ex amet&quot;,&quot;id&quot;:36100064},{&quot;name&quot;:&quot;laborum&quot;,&quot;id&quot;:-87807797}],&quot;status&quot;:&quot;sold&quot;},{&quot;photoUrls&quot;:[&quot;string&quot;],&quot;name&quot;:&quot;Bulldog&quot;,&quot;id&quot;:40,&quot;category&quot;:{&quot;name&quot;:&quot;string&quot;,&quot;id&quot;:0},&quot;tags&quot;:[{&quot;name&quot;:&quot;string&quot;,&quot;id&quot;:0}],&quot;status&quot;:&quot;sold&quot;},{&quot;photoUrls&quot;:[&quot;Nishant0.9657309489078909&quot;],&quot;name&quot;:&quot;Nishant0.9657309489078909&quot;,&quot;id&quot;:9999,&quot;category&quot;:{&quot;name&quot;:&quot;Nishant0.9657309489078909&quot;,&quot;id&quot;:9999},&quot;tags&quot;:[{&quot;name&quot;:&quot;Nishant0.9657309489078909&quot;,&quot;id&quot;:9999}],&quot;status&quot;:&quot;sold&quot;},{&quot;photoUrls&quot;:[&quot;foo.bar.com/1&quot;,&quot;foo.bar.com/2&quot;],&quot;name&quot;:&quot;hello kity&quot;,&quot;id&quot;:2156,&quot;category&quot;:{&quot;name&quot;:&quot;automation&quot;,&quot;id&quot;:1366825701},&quot;tags&quot;:[{&quot;name&quot;:&quot;tagss&quot;,&quot;id&quot;:332}],&quot;status&quot;:&quot;sold&quot;},{&quot;photoUrls&quot;:[&quot;consectetur&quot;,&quot;proident sint&quot;],&quot;name&quot;:&quot;doggie&quot;,&quot;id&quot;:37930519,&quot;category&quot;:{&quot;name&quot;:&quot;est&quot;,&quot;id&quot;:-20083820},&quot;tags&quot;:[{&quot;name&quot;:&quot;occaecat labore&quot;,&quot;id&quot;:-50305895},{&quot;name&quot;:&quot;Duis irure&quot;,&quot;id&quot;:-90748378}],&quot;status&quot;:&quot;sold&quot;},{&quot;photoUrls&quot;:[&quot;https://img.freepik.com/free-vector/different-pets-concept_52683-37940.jpg?w=2000&quot;],&quot;name&quot;:&quot;Bonya&quot;,&quot;id&quot;:47,&quot;category&quot;:{&quot;name&quot;:&quot;Dogs&quot;,&quot;id&quot;:10},&quot;tags&quot;:[{&quot;name&quot;:&quot;Doggie&quot;,&quot;id&quot;:1}],&quot;status&quot;:&quot;sold&quot;},{&quot;photoUrls&quot;:[&quot;string&quot;],&quot;name&quot;:&quot;GOLD&quot;,&quot;id&quot;:42,&quot;category&quot;:{&quot;name&quot;:&quot;FISH&quot;,&quot;id&quot;:4},&quot;tags&quot;:[{&quot;name&quot;:&quot;WATER&quot;,&quot;id&quot;:142}],&quot;status&quot;:&quot;sold&quot;},{&quot;photoUrls&quot;:[&quot;string&quot;],&quot;id&quot;:13,&quot;category&quot;:{&quot;name&quot;:&quot;cats&quot;,&quot;id&quot;:0},&quot;tags&quot;:[{&quot;name&quot;:&quot;string&quot;,&quot;id&quot;:0}],&quot;status&quot;:&quot;sold&quot;},{&quot;photoUrls&quot;:[&quot;string&quot;],&quot;name&quot;:&quot;luna&quot;,&quot;id&quot;:141,&quot;category&quot;:{&quot;name&quot;:&quot;string&quot;,&quot;id&quot;:141},&quot;tags&quot;:[{&quot;name&quot;:&quot;string&quot;,&quot;id&quot;:0}],&quot;status&quot;:&quot;sold&quot;}]">* url baseUrl ............................................................. passed
* header Accept = 'application/json' ...................................... passed
* def requestParams = read('crud.json') ................................... passed
* configure driver = { type: '#(driverType)', executable: '#(driverExecutable)', addOptions: #(driverOptions), headless: #(driverHeadless), webDriverSession: #(webDriverSession), showDriverLog: true } . passed
Given path 'v2/pet/findByStatus' .......................................... passed
And params requestParams.findByStatusSoldRequest .......................... passed
When method get ........................................................... passed
Then status 404 ........................................................... failed

Stack Trace:
com.intuit.karate.exception.KarateException: Crud.feature:52 - status code was: 200, expected: 404, response time: 756, url: https://petstore.swagger.io/v2/pet/findByStatus?status=sold, response: [{"photoUrls":["sit esse","incididunt cupidatat dolor dolore"],"name":"doggie","id":9223372036854617241,"category":{"name":"anim Duis et commodo eu","id":51395163},"tags":[{"name":"dolor ex amet","id":36100064},{"name":"laborum","id":-87807797}],"status":"sold"},{"photoUrls":["string"],"name":"Bulldog","id":40,"category":{"name":"string","id":0},"tags":[{"name":"string","id":0}],"status":"sold"},{"photoUrls":["Nishant0.9657309489078909"],"name":"Nishant0.9657309489078909","id":9999,"category":{"name":"Nishant0.9657309489078909","id":9999},"tags":[{"name":"Nishant0.9657309489078909","id":9999}],"status":"sold"},{"photoUrls":["foo.bar.com/1","foo.bar.com/2"],"name":"hello kity","id":2156,"category":{"name":"automation","id":1366825701},"tags":[{"name":"tagss","id":332}],"status":"sold"},{"photoUrls":["consectetur","proident sint"],"name":"doggie","id":37930519,"category":{"name":"est","id":-20083820},"tags":[{"name":"occaecat labore","id":-50305895},{"name":"Duis irure","id":-90748378}],"status":"sold"},{"photoUrls":["https://img.freepik.com/free-vector/different-pets-concept_52683-37940.jpg?w=2000"],"name":"Bonya","id":47,"category":{"name":"Dogs","id":10},"tags":[{"name":"Doggie","id":1}],"status":"sold"},{"photoUrls":["string"],"name":"GOLD","id":42,"category":{"name":"FISH","id":4},"tags":[{"name":"WATER","id":142}],"status":"sold"},{"photoUrls":["string"],"id":13,"category":{"name":"cats","id":0},"tags":[{"name":"string","id":0}],"status":"sold"},{"photoUrls":["string"],"name":"luna","id":141,"category":{"name":"string","id":141},"tags":[{"name":"string","id":0}],"status":"sold"}]&#13;
	at ✽.Then status 404 (Crud.feature:52)&#13;

And print response ........................................................ skipped
* match response[*].status contains 'available' ........................... skipped</failure>
  </testcase>
</testsuite>
